mode: atomic
github.com/binsabbar/consul-review/main.go:14.13,17.2 2 0
github.com/binsabbar/consul-review/cmd/review.go:28.13,32.2 3 0
github.com/binsabbar/consul-review/cmd/review.go:35.54,38.22 2 0
github.com/binsabbar/consul-review/cmd/review.go:38.22,40.17 2 0
github.com/binsabbar/consul-review/cmd/review.go:40.17,42.4 1 0
github.com/binsabbar/consul-review/cmd/review.go:43.3,43.68 1 0
github.com/binsabbar/consul-review/cmd/review.go:47.2,48.16 2 0
github.com/binsabbar/consul-review/cmd/review.go:48.16,50.3 1 0
github.com/binsabbar/consul-review/cmd/review.go:53.2,53.45 1 0
github.com/binsabbar/consul-review/cmd/review.go:53.45,55.3 1 0
github.com/binsabbar/consul-review/cmd/review.go:58.2,58.50 1 0
github.com/binsabbar/consul-review/cmd/review.go:58.50,60.3 1 0
github.com/binsabbar/consul-review/cmd/review.go:64.2,65.31 2 0
github.com/binsabbar/consul-review/cmd/review.go:65.31,67.17 2 0
github.com/binsabbar/consul-review/cmd/review.go:67.17,69.4 1 0
github.com/binsabbar/consul-review/cmd/review.go:70.3,71.68 2 0
github.com/binsabbar/consul-review/cmd/review.go:72.8,75.3 2 0
github.com/binsabbar/consul-review/cmd/review.go:77.2,81.96 3 0
github.com/binsabbar/consul-review/cmd/review.go:81.96,83.3 1 0
github.com/binsabbar/consul-review/cmd/review.go:85.2,86.12 2 0
github.com/binsabbar/consul-review/cmd/root.go:24.60,29.2 4 0
github.com/binsabbar/consul-review/cmd/root.go:41.16,42.42 1 0
github.com/binsabbar/consul-review/cmd/root.go:42.42,45.3 2 0
github.com/binsabbar/consul-review/cmd/root.go:48.13,60.2 4 0
github.com/binsabbar/consul-review/cmd/root.go:63.19,64.28 1 0
github.com/binsabbar/consul-review/cmd/root.go:64.28,66.3 1 0
github.com/binsabbar/consul-review/cmd/root.go:69.2,69.63 1 0
github.com/binsabbar/consul-review/cmd/root.go:69.63,74.3 1 0
github.com/binsabbar/consul-review/internal/runner/fake.go:27.110,32.20 4 0
github.com/binsabbar/consul-review/internal/runner/fake.go:32.20,33.57 1 0
github.com/binsabbar/consul-review/internal/runner/fake.go:33.57,35.4 1 0
github.com/binsabbar/consul-review/internal/runner/fake.go:37.2,37.14 1 0
github.com/binsabbar/consul-review/internal/runner/fake.go:41.38,45.2 3 0
github.com/binsabbar/consul-review/internal/runner/fake.go:48.51,51.28 3 0
github.com/binsabbar/consul-review/internal/runner/fake.go:51.28,52.21 1 0
github.com/binsabbar/consul-review/internal/runner/fake.go:52.21,54.4 1 0
github.com/binsabbar/consul-review/internal/runner/fake.go:56.2,56.14 1 0
github.com/binsabbar/consul-review/internal/runner/runner.go:23.111,28.2 4 0
github.com/binsabbar/consul-review/internal/orchestrator/orchestrator.go:27.70,28.20 1 8
github.com/binsabbar/consul-review/internal/orchestrator/orchestrator.go:29.16,33.9 1 3
github.com/binsabbar/consul-review/internal/orchestrator/orchestrator.go:34.17,38.9 1 3
github.com/binsabbar/consul-review/internal/orchestrator/orchestrator.go:39.12,43.9 1 1
github.com/binsabbar/consul-review/internal/orchestrator/orchestrator.go:44.10,45.67 1 1
github.com/binsabbar/consul-review/internal/orchestrator/orchestrator.go:51.69,57.18 6 4
github.com/binsabbar/consul-review/internal/orchestrator/orchestrator.go:57.18,59.3 1 3
github.com/binsabbar/consul-review/internal/orchestrator/orchestrator.go:60.2,63.20 4 4
github.com/binsabbar/consul-review/internal/orchestrator/orchestrator.go:69.43,71.34 2 7
github.com/binsabbar/consul-review/internal/orchestrator/orchestrator.go:71.34,73.3 1 0
github.com/binsabbar/consul-review/internal/orchestrator/orchestrator.go:74.2,74.50 1 7
github.com/binsabbar/consul-review/internal/orchestrator/orchestrator.go:74.50,76.3 1 0
github.com/binsabbar/consul-review/internal/orchestrator/orchestrator.go:88.85,95.32 2 2
github.com/binsabbar/consul-review/internal/orchestrator/orchestrator.go:95.32,97.3 1 0
github.com/binsabbar/consul-review/internal/orchestrator/orchestrator.go:100.2,101.90 2 2
github.com/binsabbar/consul-review/internal/orchestrator/orchestrator.go:101.90,103.3 1 0
github.com/binsabbar/consul-review/internal/orchestrator/orchestrator.go:105.2,107.18 3 2
github.com/binsabbar/consul-review/internal/orchestrator/orchestrator.go:112.37,114.52 2 3
github.com/binsabbar/consul-review/internal/orchestrator/orchestrator.go:114.52,115.10 1 6
github.com/binsabbar/consul-review/internal/orchestrator/orchestrator.go:116.42,117.48 1 3
github.com/binsabbar/consul-review/internal/orchestrator/orchestrator.go:118.41,119.46 1 3
github.com/binsabbar/consul-review/internal/orchestrator/orchestrator.go:122.2,122.10 1 3
github.com/binsabbar/consul-review/internal/orchestrator/orchestrator.go:140.113,143.16 3 2
github.com/binsabbar/consul-review/internal/orchestrator/orchestrator.go:143.16,145.3 1 0
github.com/binsabbar/consul-review/internal/orchestrator/orchestrator.go:147.2,150.16 3 2
github.com/binsabbar/consul-review/internal/orchestrator/orchestrator.go:150.16,152.3 1 0
github.com/binsabbar/consul-review/internal/orchestrator/orchestrator.go:153.2,162.32 5 2
github.com/binsabbar/consul-review/internal/orchestrator/orchestrator.go:162.32,168.13 4 4
github.com/binsabbar/consul-review/internal/orchestrator/orchestrator.go:168.13,176.4 5 4
github.com/binsabbar/consul-review/internal/orchestrator/orchestrator.go:179.2,184.30 4 2
github.com/binsabbar/consul-review/internal/orchestrator/orchestrator.go:184.30,185.21 1 4
github.com/binsabbar/consul-review/internal/orchestrator/orchestrator.go:185.21,188.4 2 1
github.com/binsabbar/consul-review/internal/orchestrator/orchestrator.go:188.9,190.4 1 3
github.com/binsabbar/consul-review/internal/orchestrator/orchestrator.go:193.2,193.27 1 2
github.com/binsabbar/consul-review/internal/orchestrator/orchestrator.go:193.27,195.3 1 0
github.com/binsabbar/consul-review/internal/orchestrator/orchestrator.go:197.2,197.60 1 2
github.com/binsabbar/consul-review/internal/orchestrator/orchestrator.go:197.60,199.3 1 0
github.com/binsabbar/consul-review/internal/orchestrator/orchestrator.go:201.2,201.22 1 2
github.com/binsabbar/consul-review/internal/orchestrator/orchestrator.go:201.22,203.3 1 1
github.com/binsabbar/consul-review/internal/orchestrator/orchestrator.go:204.2,204.12 1 1
github.com/binsabbar/consul-review/internal/orchestrator/orchestrator.go:209.127,214.16 3 4
github.com/binsabbar/consul-review/internal/orchestrator/orchestrator.go:214.16,216.3 1 0
github.com/binsabbar/consul-review/internal/orchestrator/orchestrator.go:218.2,220.16 3 4
github.com/binsabbar/consul-review/internal/orchestrator/orchestrator.go:220.16,222.3 1 0
github.com/binsabbar/consul-review/internal/orchestrator/orchestrator.go:223.2,226.60 3 4
github.com/binsabbar/consul-review/internal/orchestrator/orchestrator.go:226.60,228.3 1 1
github.com/binsabbar/consul-review/internal/orchestrator/orchestrator.go:230.2,231.60 2 3
github.com/binsabbar/consul-review/internal/orchestrator/orchestrator.go:236.87,244.2 3 2
github.com/binsabbar/consul-review/internal/config/config.go:31.42,33.2 1 4
github.com/binsabbar/consul-review/internal/config/config.go:61.59,68.28 3 12
github.com/binsabbar/consul-review/internal/config/config.go:68.28,69.17 1 36
github.com/binsabbar/consul-review/internal/config/config.go:69.17,71.4 1 11
github.com/binsabbar/consul-review/internal/config/config.go:73.2,73.16 1 12
github.com/binsabbar/consul-review/internal/config/config.go:77.41,79.16 2 2
github.com/binsabbar/consul-review/internal/config/config.go:79.16,81.3 1 0
github.com/binsabbar/consul-review/internal/config/config.go:83.2,87.41 4 2
github.com/binsabbar/consul-review/internal/config/config.go:87.41,89.3 1 1
github.com/binsabbar/consul-review/internal/config/config.go:91.2,92.42 2 1
github.com/binsabbar/consul-review/internal/config/config.go:92.42,94.3 1 0
github.com/binsabbar/consul-review/internal/config/config.go:96.2,97.16 2 1
github.com/binsabbar/consul-review/internal/config/config.go:97.16,99.3 1 0
github.com/binsabbar/consul-review/internal/config/config.go:101.2,101.18 1 1
github.com/binsabbar/consul-review/internal/config/config.go:107.32,111.29 2 5
github.com/binsabbar/consul-review/internal/config/config.go:111.29,112.55 1 3
github.com/binsabbar/consul-review/internal/config/config.go:112.55,114.4 1 1
github.com/binsabbar/consul-review/internal/config/config.go:117.2,117.34 1 5
github.com/binsabbar/consul-review/internal/config/config.go:117.34,119.3 1 2
github.com/binsabbar/consul-review/internal/config/config.go:121.2,121.19 1 5
github.com/binsabbar/consul-review/internal/config/config.go:121.19,123.3 1 3
github.com/binsabbar/consul-review/internal/config/config.go:124.2,124.12 1 2
github.com/binsabbar/consul-review/internal/config/config.go:133.37,136.39 2 4
github.com/binsabbar/consul-review/internal/config/config.go:136.39,138.3 1 4
github.com/binsabbar/consul-review/internal/config/config.go:140.2,141.31 2 4
github.com/binsabbar/consul-review/internal/config/config.go:141.31,142.46 1 8
github.com/binsabbar/consul-review/internal/config/config.go:142.46,144.4 1 2
github.com/binsabbar/consul-review/internal/config/config.go:147.2,147.22 1 4
github.com/binsabbar/consul-review/internal/config/config.go:147.22,149.3 1 2
github.com/binsabbar/consul-review/internal/config/config.go:150.2,150.12 1 2
github.com/binsabbar/consul-review/internal/config/config.go:154.47,155.35 1 3
github.com/binsabbar/consul-review/internal/config/config.go:155.35,157.3 1 3
github.com/binsabbar/consul-review/internal/config/config.go:158.2,159.16 2 0
github.com/binsabbar/consul-review/internal/config/config.go:159.16,161.3 1 0
github.com/binsabbar/consul-review/internal/config/config.go:162.2,162.43 1 0
